Using Spark's default log4j profile: org/apache/spark/log4j-defaults.properties
19/06/07 12:10:16 INFO SparkContext: Running Spark version 2.4.3
19/06/07 12:10:16 INFO SparkContext: Submitted application: MatrixAnalysis
19/06/07 12:10:16 INFO SecurityManager: Changing view acls to: root
19/06/07 12:10:16 INFO SecurityManager: Changing modify acls to: root
19/06/07 12:10:16 INFO SecurityManager: Changing view acls groups to: 
19/06/07 12:10:16 INFO SecurityManager: Changing modify acls groups to: 
19/06/07 12:10:16 INFO SecurityManager: SecurityManager: authentication disabled; ui acls disabled; users  with view permissions: Set(root); groups with view permissions: Set(); users  with modify permissions: Set(root); groups with modify permissions: Set()
19/06/07 12:10:17 INFO Utils: Successfully started service 'sparkDriver' on port 39875.
19/06/07 12:10:17 INFO SparkEnv: Registering MapOutputTracker
19/06/07 12:10:17 INFO SparkEnv: Registering BlockManagerMaster
19/06/07 12:10:17 INFO BlockManagerMasterEndpoint: Using org.apache.spark.storage.DefaultTopologyMapper for getting topology information
19/06/07 12:10:17 INFO BlockManagerMasterEndpoint: BlockManagerMasterEndpoint up
19/06/07 12:10:17 INFO DiskBlockManager: Created local directory at /tmp/blockmgr-d7b3a12d-7124-496e-8598-2c28a9977d45
19/06/07 12:10:17 INFO MemoryStore: MemoryStore started with capacity 413.9 MB
19/06/07 12:10:17 INFO SparkEnv: Registering OutputCommitCoordinator
19/06/07 12:10:18 INFO Utils: Successfully started service 'SparkUI' on port 4040.
19/06/07 12:10:18 INFO SparkUI: Bound SparkUI to 0.0.0.0, and started at http://spark-master:4040
19/06/07 12:10:18 INFO StandaloneAppClient$ClientEndpoint: Connecting to master spark://spark-master:7077...
19/06/07 12:10:19 INFO TransportClientFactory: Successfully created connection to spark-master/10.244.2.133:7077 after 195 ms (0 ms spent in bootstraps)
19/06/07 12:10:19 INFO StandaloneSchedulerBackend: Connected to Spark cluster with app ID app-20190607121019-0021
19/06/07 12:10:19 INFO StandaloneAppClient$ClientEndpoint: Executor added: app-20190607121019-0021/0 on worker-20190607120651-10.244.4.21-41706 (10.244.4.21:41706) with 1 core(s)
19/06/07 12:10:19 INFO StandaloneSchedulerBackend: Granted executor ID app-20190607121019-0021/0 on hostPort 10.244.4.21:41706 with 1 core(s), 8.0 GB RAM
19/06/07 12:10:19 INFO StandaloneAppClient$ClientEndpoint: Executor updated: app-20190607121019-0021/0 is now RUNNING
19/06/07 12:10:19 INFO Utils: Successfully started service 'org.apache.spark.network.netty.NettyBlockTransferService' on port 35202.
19/06/07 12:10:19 INFO NettyBlockTransferService: Server created on spark-master:35202
19/06/07 12:10:19 INFO BlockManager: Using org.apache.spark.storage.RandomBlockReplicationPolicy for block replication policy
19/06/07 12:10:19 INFO BlockManagerMaster: Registering BlockManager BlockManagerId(driver, spark-master, 35202, None)
19/06/07 12:10:19 INFO BlockManagerMasterEndpoint: Registering block manager spark-master:35202 with 413.9 MB RAM, BlockManagerId(driver, spark-master, 35202, None)
19/06/07 12:10:19 INFO BlockManagerMaster: Registered BlockManager BlockManagerId(driver, spark-master, 35202, None)
19/06/07 12:10:19 INFO BlockManager: Initialized BlockManager: BlockManagerId(driver, spark-master, 35202, None)
19/06/07 12:10:20 INFO StandaloneSchedulerBackend: SchedulerBackend is ready for scheduling beginning after reached minRegisteredResourcesRatio: 0.0
19/06/07 12:10:21 INFO SharedState: Setting hive.metastore.warehouse.dir ('null') to the value of spark.sql.warehouse.dir ('file:/example/spark-warehouse').
19/06/07 12:10:21 INFO SharedState: Warehouse path is 'file:/example/spark-warehouse'.
19/06/07 12:10:22 INFO CoarseGrainedSchedulerBackend$DriverEndpoint: Registered executor NettyRpcEndpointRef(spark-client://Executor) (10.244.4.21:37730) with ID 0
19/06/07 12:10:22 INFO BlockManagerMasterEndpoint: Registering block manager 10.244.4.21:41661 with 4.5 GB RAM, BlockManagerId(0, 10.244.4.21, 41661, None)
19/06/07 12:10:22 INFO StateStoreCoordinatorRef: Registered StateStoreCoordinator endpoint
19/06/07 12:10:23 INFO SparkContext: Starting job: runJob at PythonRDD.scala:153
19/06/07 12:10:23 INFO DAGScheduler: Got job 0 (runJob at PythonRDD.scala:153) with 1 output partitions
19/06/07 12:10:23 INFO DAGScheduler: Final stage: ResultStage 0 (runJob at PythonRDD.scala:153)
19/06/07 12:10:23 INFO DAGScheduler: Parents of final stage: List()
19/06/07 12:10:23 INFO DAGScheduler: Missing parents: List()
19/06/07 12:10:23 INFO DAGScheduler: Submitting ResultStage 0 (PythonRDD[1] at RDD at PythonRDD.scala:53), which has no missing parents
19/06/07 12:10:24 INFO MemoryStore: Block broadcast_0 stored as values in memory (estimated size 4.7 KB, free 413.9 MB)
19/06/07 12:10:24 INFO MemoryStore: Block broadcast_0_piece0 stored as bytes in memory (estimated size 3.2 KB, free 413.9 MB)
19/06/07 12:10:24 INFO BlockManagerInfo: Added broadcast_0_piece0 in memory on spark-master:35202 (size: 3.2 KB, free: 413.9 MB)
19/06/07 12:10:24 INFO SparkContext: Created broadcast 0 from broadcast at DAGScheduler.scala:1161
19/06/07 12:10:24 INFO DAGScheduler: Submitting 1 missing tasks from ResultStage 0 (PythonRDD[1] at RDD at PythonRDD.scala:53) (first 15 tasks are for partitions Vector(0))
19/06/07 12:10:24 INFO TaskSchedulerImpl: Adding task set 0.0 with 1 tasks
19/06/07 12:10:24 WARN TaskSetManager: Stage 0 contains a task of very large size (385 KB). The maximum recommended task size is 100 KB.
19/06/07 12:10:24 INFO TaskSetManager: Starting task 0.0 in stage 0.0 (TID 0, 10.244.4.21, executor 0, partition 0, PROCESS_LOCAL, 394853 bytes)
19/06/07 12:10:24 INFO BlockManagerInfo: Added broadcast_0_piece0 in memory on 10.244.4.21:41661 (size: 3.2 KB, free: 4.5 GB)
19/06/07 12:10:25 INFO TaskSetManager: Finished task 0.0 in stage 0.0 (TID 0) in 1292 ms on 10.244.4.21 (executor 0) (1/1)
19/06/07 12:10:25 INFO TaskSchedulerImpl: Removed TaskSet 0.0, whose tasks have all completed, from pool 
19/06/07 12:10:25 INFO PythonAccumulatorV2: Connected to AccumulatorServer at host: 127.0.0.1 port: 37100
19/06/07 12:10:25 INFO DAGScheduler: ResultStage 0 (runJob at PythonRDD.scala:153) finished in 1.796 s
19/06/07 12:10:25 INFO DAGScheduler: Job 0 finished: runJob at PythonRDD.scala:153, took 1.925763 s
19/06/07 12:10:29 INFO SparkContext: Starting job: reduce at CoordinateMatrix.scala:158
19/06/07 12:10:29 INFO DAGScheduler: Got job 1 (reduce at CoordinateMatrix.scala:158) with 2 output partitions
19/06/07 12:10:29 INFO DAGScheduler: Final stage: ResultStage 1 (reduce at CoordinateMatrix.scala:158)
19/06/07 12:10:29 INFO DAGScheduler: Parents of final stage: List()
19/06/07 12:10:29 INFO DAGScheduler: Missing parents: List()
19/06/07 12:10:29 INFO DAGScheduler: Submitting ResultStage 1 (MapPartitionsRDD[10] at map at CoordinateMatrix.scala:158), which has no missing parents
19/06/07 12:10:29 INFO MemoryStore: Block broadcast_1 stored as values in memory (estimated size 13.3 KB, free 413.9 MB)
19/06/07 12:10:29 INFO MemoryStore: Block broadcast_1_piece0 stored as bytes in memory (estimated size 7.6 KB, free 413.9 MB)
19/06/07 12:10:29 INFO BlockManagerInfo: Added broadcast_1_piece0 in memory on spark-master:35202 (size: 7.6 KB, free: 413.9 MB)
19/06/07 12:10:29 INFO SparkContext: Created broadcast 1 from broadcast at DAGScheduler.scala:1161
19/06/07 12:10:29 INFO DAGScheduler: Submitting 2 missing tasks from ResultStage 1 (MapPartitionsRDD[10] at map at CoordinateMatrix.scala:158) (first 15 tasks are for partitions Vector(0, 1))
19/06/07 12:10:29 INFO TaskSchedulerImpl: Adding task set 1.0 with 2 tasks
19/06/07 12:10:29 WARN TaskSetManager: Stage 1 contains a task of very large size (385 KB). The maximum recommended task size is 100 KB.
19/06/07 12:10:29 INFO TaskSetManager: Starting task 0.0 in stage 1.0 (TID 1, 10.244.4.21, executor 0, partition 0, PROCESS_LOCAL, 394853 bytes)
19/06/07 12:10:29 INFO BlockManagerInfo: Added broadcast_1_piece0 in memory on 10.244.4.21:41661 (size: 7.6 KB, free: 4.5 GB)
19/06/07 12:10:30 INFO TaskSetManager: Starting task 1.0 in stage 1.0 (TID 2, 10.244.4.21, executor 0, partition 1, PROCESS_LOCAL, 386337 bytes)
19/06/07 12:10:30 INFO TaskSetManager: Finished task 0.0 in stage 1.0 (TID 1) in 1140 ms on 10.244.4.21 (executor 0) (1/2)
19/06/07 12:10:30 INFO TaskSetManager: Finished task 1.0 in stage 1.0 (TID 2) in 207 ms on 10.244.4.21 (executor 0) (2/2)
19/06/07 12:10:30 INFO TaskSchedulerImpl: Removed TaskSet 1.0, whose tasks have all completed, from pool 
19/06/07 12:10:30 INFO DAGScheduler: ResultStage 1 (reduce at CoordinateMatrix.scala:158) finished in 1.449 s
19/06/07 12:10:30 INFO DAGScheduler: Job 1 finished: reduce at CoordinateMatrix.scala:158, took 1.507838 s
19/06/07 12:10:31 INFO SparkUI: Stopped Spark web UI at http://spark-master:4040
19/06/07 12:10:31 INFO ContextCleaner: Cleaned accumulator 10
19/06/07 12:10:31 INFO StandaloneSchedulerBackend: Shutting down all executors
19/06/07 12:10:31 INFO CoarseGrainedSchedulerBackend$DriverEndpoint: Asking each executor to shut down
19/06/07 12:10:31 INFO MapOutputTrackerMasterEndpoint: MapOutputTrackerMasterEndpoint stopped!
19/06/07 12:10:31 INFO MemoryStore: MemoryStore cleared
19/06/07 12:10:31 INFO BlockManager: BlockManager stopped
19/06/07 12:10:31 INFO BlockManagerMaster: BlockManagerMaster stopped
19/06/07 12:10:31 INFO OutputCommitCoordinator$OutputCommitCoordinatorEndpoint: OutputCommitCoordinator stopped!
19/06/07 12:10:31 INFO SparkContext: Successfully stopped SparkContext
19/06/07 12:10:31 INFO ShutdownHookManager: Shutdown hook called
19/06/07 12:10:31 INFO ShutdownHookManager: Deleting directory /tmp/spark-16bf8da2-c36b-4046-ad8c-a34f64325247
19/06/07 12:10:31 INFO ShutdownHookManager: Deleting directory /tmp/spark-16bf8da2-c36b-4046-ad8c-a34f64325247/pyspark-5b6e52e8-43aa-46d9-b176-40c875cf5e05
19/06/07 12:10:31 INFO ShutdownHookManager: Deleting directory /tmp/spark-71794a90-ba28-4fa0-8889-11915765ffd9
