Using Spark's default log4j profile: org/apache/spark/log4j-defaults.properties
19/06/07 12:05:33 INFO SparkContext: Running Spark version 2.4.3
19/06/07 12:05:33 INFO SparkContext: Submitted application: MatrixAnalysis
19/06/07 12:05:33 INFO SecurityManager: Changing view acls to: root
19/06/07 12:05:33 INFO SecurityManager: Changing modify acls to: root
19/06/07 12:05:33 INFO SecurityManager: Changing view acls groups to: 
19/06/07 12:05:33 INFO SecurityManager: Changing modify acls groups to: 
19/06/07 12:05:33 INFO SecurityManager: SecurityManager: authentication disabled; ui acls disabled; users  with view permissions: Set(root); groups with view permissions: Set(); users  with modify permissions: Set(root); groups with modify permissions: Set()
19/06/07 12:05:34 INFO Utils: Successfully started service 'sparkDriver' on port 36592.
19/06/07 12:05:34 INFO SparkEnv: Registering MapOutputTracker
19/06/07 12:05:34 INFO SparkEnv: Registering BlockManagerMaster
19/06/07 12:05:34 INFO BlockManagerMasterEndpoint: Using org.apache.spark.storage.DefaultTopologyMapper for getting topology information
19/06/07 12:05:34 INFO BlockManagerMasterEndpoint: BlockManagerMasterEndpoint up
19/06/07 12:05:34 INFO DiskBlockManager: Created local directory at /tmp/blockmgr-e0d080de-8786-42f1-b6cf-ebdde195db0c
19/06/07 12:05:34 INFO MemoryStore: MemoryStore started with capacity 413.9 MB
19/06/07 12:05:34 INFO SparkEnv: Registering OutputCommitCoordinator
19/06/07 12:05:34 INFO Utils: Successfully started service 'SparkUI' on port 4040.
19/06/07 12:05:35 INFO SparkUI: Bound SparkUI to 0.0.0.0, and started at http://spark-master:4040
19/06/07 12:05:35 INFO StandaloneAppClient$ClientEndpoint: Connecting to master spark://spark-master:7077...
19/06/07 12:05:35 INFO TransportClientFactory: Successfully created connection to spark-master/10.244.2.133:7077 after 138 ms (0 ms spent in bootstraps)
19/06/07 12:05:36 INFO StandaloneSchedulerBackend: Connected to Spark cluster with app ID app-20190607120536-0019
19/06/07 12:05:36 INFO StandaloneAppClient$ClientEndpoint: Executor added: app-20190607120536-0019/0 on worker-20190607120450-10.244.4.20-33146 (10.244.4.20:33146) with 1 core(s)
19/06/07 12:05:36 INFO StandaloneSchedulerBackend: Granted executor ID app-20190607120536-0019/0 on hostPort 10.244.4.20:33146 with 1 core(s), 6.0 GB RAM
19/06/07 12:05:36 INFO Utils: Successfully started service 'org.apache.spark.network.netty.NettyBlockTransferService' on port 40647.
19/06/07 12:05:36 INFO NettyBlockTransferService: Server created on spark-master:40647
19/06/07 12:05:36 INFO BlockManager: Using org.apache.spark.storage.RandomBlockReplicationPolicy for block replication policy
19/06/07 12:05:36 INFO StandaloneAppClient$ClientEndpoint: Executor updated: app-20190607120536-0019/0 is now RUNNING
19/06/07 12:05:36 INFO BlockManagerMaster: Registering BlockManager BlockManagerId(driver, spark-master, 40647, None)
19/06/07 12:05:36 INFO BlockManagerMasterEndpoint: Registering block manager spark-master:40647 with 413.9 MB RAM, BlockManagerId(driver, spark-master, 40647, None)
19/06/07 12:05:36 INFO BlockManagerMaster: Registered BlockManager BlockManagerId(driver, spark-master, 40647, None)
19/06/07 12:05:36 INFO BlockManager: Initialized BlockManager: BlockManagerId(driver, spark-master, 40647, None)
19/06/07 12:05:37 INFO StandaloneSchedulerBackend: SchedulerBackend is ready for scheduling beginning after reached minRegisteredResourcesRatio: 0.0
19/06/07 12:05:37 INFO SharedState: Setting hive.metastore.warehouse.dir ('null') to the value of spark.sql.warehouse.dir ('file:/example/spark-warehouse').
19/06/07 12:05:37 INFO SharedState: Warehouse path is 'file:/example/spark-warehouse'.
19/06/07 12:05:38 INFO StateStoreCoordinatorRef: Registered StateStoreCoordinator endpoint
19/06/07 12:05:39 INFO CoarseGrainedSchedulerBackend$DriverEndpoint: Registered executor NettyRpcEndpointRef(spark-client://Executor) (10.244.4.20:40708) with ID 0
19/06/07 12:05:39 INFO BlockManagerMasterEndpoint: Registering block manager 10.244.4.20:35534 with 3.3 GB RAM, BlockManagerId(0, 10.244.4.20, 35534, None)
19/06/07 12:05:40 INFO SparkContext: Starting job: runJob at PythonRDD.scala:153
19/06/07 12:05:40 INFO DAGScheduler: Got job 0 (runJob at PythonRDD.scala:153) with 1 output partitions
19/06/07 12:05:40 INFO DAGScheduler: Final stage: ResultStage 0 (runJob at PythonRDD.scala:153)
19/06/07 12:05:40 INFO DAGScheduler: Parents of final stage: List()
19/06/07 12:05:40 INFO DAGScheduler: Missing parents: List()
19/06/07 12:05:40 INFO DAGScheduler: Submitting ResultStage 0 (PythonRDD[1] at RDD at PythonRDD.scala:53), which has no missing parents
19/06/07 12:05:40 INFO MemoryStore: Block broadcast_0 stored as values in memory (estimated size 4.7 KB, free 413.9 MB)
19/06/07 12:05:40 INFO MemoryStore: Block broadcast_0_piece0 stored as bytes in memory (estimated size 3.2 KB, free 413.9 MB)
19/06/07 12:05:40 INFO BlockManagerInfo: Added broadcast_0_piece0 in memory on spark-master:40647 (size: 3.2 KB, free: 413.9 MB)
19/06/07 12:05:40 INFO SparkContext: Created broadcast 0 from broadcast at DAGScheduler.scala:1161
19/06/07 12:05:40 INFO DAGScheduler: Submitting 1 missing tasks from ResultStage 0 (PythonRDD[1] at RDD at PythonRDD.scala:53) (first 15 tasks are for partitions Vector(0))
19/06/07 12:05:40 INFO TaskSchedulerImpl: Adding task set 0.0 with 1 tasks
19/06/07 12:05:41 WARN TaskSetManager: Stage 0 contains a task of very large size (385 KB). The maximum recommended task size is 100 KB.
19/06/07 12:05:41 INFO TaskSetManager: Starting task 0.0 in stage 0.0 (TID 0, 10.244.4.20, executor 0, partition 0, PROCESS_LOCAL, 394853 bytes)
19/06/07 12:05:41 INFO BlockManagerInfo: Added broadcast_0_piece0 in memory on 10.244.4.20:35534 (size: 3.2 KB, free: 3.3 GB)
19/06/07 12:05:42 INFO TaskSetManager: Finished task 0.0 in stage 0.0 (TID 0) in 1213 ms on 10.244.4.20 (executor 0) (1/1)
19/06/07 12:05:42 INFO TaskSchedulerImpl: Removed TaskSet 0.0, whose tasks have all completed, from pool 
19/06/07 12:05:42 INFO PythonAccumulatorV2: Connected to AccumulatorServer at host: 127.0.0.1 port: 59293
19/06/07 12:05:42 INFO DAGScheduler: ResultStage 0 (runJob at PythonRDD.scala:153) finished in 2.049 s
19/06/07 12:05:42 INFO DAGScheduler: Job 0 finished: runJob at PythonRDD.scala:153, took 2.206712 s
19/06/07 12:05:47 INFO SparkContext: Starting job: reduce at CoordinateMatrix.scala:158
19/06/07 12:05:47 INFO DAGScheduler: Got job 1 (reduce at CoordinateMatrix.scala:158) with 2 output partitions
19/06/07 12:05:47 INFO DAGScheduler: Final stage: ResultStage 1 (reduce at CoordinateMatrix.scala:158)
19/06/07 12:05:47 INFO DAGScheduler: Parents of final stage: List()
19/06/07 12:05:47 INFO DAGScheduler: Missing parents: List()
19/06/07 12:05:47 INFO DAGScheduler: Submitting ResultStage 1 (MapPartitionsRDD[10] at map at CoordinateMatrix.scala:158), which has no missing parents
19/06/07 12:05:47 INFO MemoryStore: Block broadcast_1 stored as values in memory (estimated size 13.3 KB, free 413.9 MB)
19/06/07 12:05:47 INFO MemoryStore: Block broadcast_1_piece0 stored as bytes in memory (estimated size 7.6 KB, free 413.9 MB)
19/06/07 12:05:47 INFO BlockManagerInfo: Added broadcast_1_piece0 in memory on spark-master:40647 (size: 7.6 KB, free: 413.9 MB)
19/06/07 12:05:47 INFO SparkContext: Created broadcast 1 from broadcast at DAGScheduler.scala:1161
19/06/07 12:05:47 INFO DAGScheduler: Submitting 2 missing tasks from ResultStage 1 (MapPartitionsRDD[10] at map at CoordinateMatrix.scala:158) (first 15 tasks are for partitions Vector(0, 1))
19/06/07 12:05:47 INFO TaskSchedulerImpl: Adding task set 1.0 with 2 tasks
19/06/07 12:05:47 WARN TaskSetManager: Stage 1 contains a task of very large size (385 KB). The maximum recommended task size is 100 KB.
19/06/07 12:05:47 INFO TaskSetManager: Starting task 0.0 in stage 1.0 (TID 1, 10.244.4.20, executor 0, partition 0, PROCESS_LOCAL, 394853 bytes)
19/06/07 12:05:47 INFO BlockManagerInfo: Added broadcast_1_piece0 in memory on 10.244.4.20:35534 (size: 7.6 KB, free: 3.3 GB)
19/06/07 12:05:48 INFO TaskSetManager: Starting task 1.0 in stage 1.0 (TID 2, 10.244.4.20, executor 0, partition 1, PROCESS_LOCAL, 386337 bytes)
19/06/07 12:05:48 INFO TaskSetManager: Finished task 0.0 in stage 1.0 (TID 1) in 1093 ms on 10.244.4.20 (executor 0) (1/2)
19/06/07 12:05:48 INFO TaskSetManager: Finished task 1.0 in stage 1.0 (TID 2) in 174 ms on 10.244.4.20 (executor 0) (2/2)
19/06/07 12:05:48 INFO TaskSchedulerImpl: Removed TaskSet 1.0, whose tasks have all completed, from pool 
19/06/07 12:05:48 INFO DAGScheduler: ResultStage 1 (reduce at CoordinateMatrix.scala:158) finished in 1.330 s
19/06/07 12:05:48 INFO DAGScheduler: Job 1 finished: reduce at CoordinateMatrix.scala:158, took 1.349751 s
19/06/07 12:05:48 INFO ContextCleaner: Cleaned accumulator 29
19/06/07 12:05:48 INFO ContextCleaner: Cleaned accumulator 43
19/06/07 12:05:48 INFO ContextCleaner: Cleaned accumulator 44
19/06/07 12:05:48 INFO ContextCleaner: Cleaned accumulator 38
19/06/07 12:05:48 INFO ContextCleaner: Cleaned accumulator 35
19/06/07 12:05:48 INFO ContextCleaner: Cleaned accumulator 32
19/06/07 12:05:48 INFO ContextCleaner: Cleaned accumulator 50
19/06/07 12:05:48 INFO ContextCleaner: Cleaned accumulator 42
19/06/07 12:05:48 INFO ContextCleaner: Cleaned accumulator 31
19/06/07 12:05:48 INFO ContextCleaner: Cleaned accumulator 30
19/06/07 12:05:48 INFO ContextCleaner: Cleaned accumulator 33
19/06/07 12:05:48 INFO ContextCleaner: Cleaned accumulator 46
19/06/07 12:05:48 INFO ContextCleaner: Cleaned accumulator 39
19/06/07 12:05:48 INFO ContextCleaner: Cleaned accumulator 40
19/06/07 12:05:48 INFO ContextCleaner: Cleaned accumulator 51
19/06/07 12:05:48 INFO ContextCleaner: Cleaned accumulator 47
19/06/07 12:05:48 INFO BlockManagerInfo: Removed broadcast_1_piece0 on spark-master:40647 in memory (size: 7.6 KB, free: 413.9 MB)
INFO:root:1434
19/06/07 12:05:48 INFO BlockManagerInfo: Removed broadcast_1_piece0 on 10.244.4.20:35534 in memory (size: 7.6 KB, free: 3.3 GB)
19/06/07 12:05:48 INFO SparkUI: Stopped Spark web UI at http://spark-master:4040
19/06/07 12:05:48 INFO StandaloneSchedulerBackend: Shutting down all executors
19/06/07 12:05:48 INFO CoarseGrainedSchedulerBackend$DriverEndpoint: Asking each executor to shut down
19/06/07 12:05:48 INFO MapOutputTrackerMasterEndpoint: MapOutputTrackerMasterEndpoint stopped!
19/06/07 12:05:48 INFO MemoryStore: MemoryStore cleared
19/06/07 12:05:48 INFO BlockManager: BlockManager stopped
19/06/07 12:05:48 INFO BlockManagerMaster: BlockManagerMaster stopped
19/06/07 12:05:48 INFO OutputCommitCoordinator$OutputCommitCoordinatorEndpoint: OutputCommitCoordinator stopped!
19/06/07 12:05:48 INFO SparkContext: Successfully stopped SparkContext
19/06/07 12:05:49 INFO ShutdownHookManager: Shutdown hook called
19/06/07 12:05:49 INFO ShutdownHookManager: Deleting directory /tmp/spark-749a89cf-3e3c-41b2-9bb3-b63b03517876/pyspark-fafdf0af-8ef5-4497-ae55-d2c34ac01dcb
19/06/07 12:05:49 INFO ShutdownHookManager: Deleting directory /tmp/spark-749a89cf-3e3c-41b2-9bb3-b63b03517876
19/06/07 12:05:49 INFO ShutdownHookManager: Deleting directory /tmp/spark-95cf2e59-aea0-42f3-a4ae-73aabb7fc00d
